<?xml version="1.0" encoding="UTF-8"?>
<!-- Generated by org.testng.reporters.JUnitReportReporter -->
<testsuite hostname="LAPTOP-9CM94M44" failures="0" tests="1" name="FindCoursesTests" time="6.072" errors="0" timestamp="2022-04-23T21:45:26 MSK" skipped="0">
  <testcase classname="FindCoursesTests" name="filterCourseByName" time="6.072"/>
  <system-out/>
</testsuite> <!-- FindCoursesTests -->
